{"name": "Проверка отображения созданного заказа в разделе В работе", "status": "broken", "statusDetails": {"message": "selenium.common.exceptions.ElementClickInterceptedException: Message: element click intercepted: Element <button type=\"button\" class=\"Modal_modal__close_modified__3V5XS Modal_modal__close__TnseK\">...</button> is not clickable at point (1206, 237). Other element would receive the click: <div class=\"Modal_modal_overlay__x2ZCr\"></div>\n  (Session info: chrome=134.0.6998.89)\nStacktrace:\n0   chromedriver                        0x0000000102869804 cxxbridge1$str$ptr + 2785964\n1   chromedriver                        0x0000000102861ddc cxxbridge1$str$ptr + 2754692\n2   chromedriver                        0x00000001023b5ea8 cxxbridge1$string$len + 92928\n3   chromedriver                        0x0000000102402c6c cxxbridge1$string$len + 407748\n4   chromedriver                        0x00000001024011d8 cxxbridge1$string$len + 400944\n5   chromedriver                        0x00000001023fefec cxxbridge1$string$len + 392260\n6   chromedriver                        0x00000001023fe3e8 cxxbridge1$string$len + 389184\n7   chromedriver                        0x00000001023f2dec cxxbridge1$string$len + 342596\n8   chromedriver                        0x00000001023f2878 cxxbridge1$string$len + 341200\n9   chromedriver                        0x000000010243e678 cxxbridge1$string$len + 651984\n10  chromedriver                        0x00000001023f135c cxxbridge1$string$len + 335796\n11  chromedriver                        0x000000010282ecd4 cxxbridge1$str$ptr + 2545532\n12  chromedriver                        0x0000000102831fa0 cxxbridge1$str$ptr + 2558536\n13  chromedriver                        0x000000010280ed04 cxxbridge1$str$ptr + 2414508\n14  chromedriver                        0x0000000102832800 cxxbridge1$str$ptr + 2560680\n15  chromedriver                        0x00000001027ffba0 cxxbridge1$str$ptr + 2352712\n16  chromedriver                        0x000000010285245c cxxbridge1$str$ptr + 2690820\n17  chromedriver                        0x00000001028525e4 cxxbridge1$str$ptr + 2691212\n18  chromedriver                        0x0000000102861a50 cxxbridge1$str$ptr + 2753784\n19  libsystem_pthread.dylib             0x000000019176c2e4 _pthread_start + 136\n20  libsystem_pthread.dylib             0x00000001917670fc thread_start + 8", "trace": "self = <tests.test_order.TestOrderFeed object at 0x103556300>, driver = <selenium.webdriver.chrome.webdriver.WebDriver (session=\"1596a326b27a00e18ceae89aa21fdfee\")>\nregistration = {'accessToken': 'Bearer eyJhbGciOiJIUzI1NiIsInR5cCI6IkpXVCJ9.eyJpZCI6IjY3ZDFmMThhOWVkMjgwMDAxYjU5NmRlMSIsImlhdCI6MTc0M....AYqkx-x0OdRS_NEgWADuvCxSHeW1EM8IXcMFcgkDnMw', 'email': '44373@gmail.com', 'name': 'eswcblopda', 'password': '9036167'}\n\n    @allure.title(\"Проверка отображения созданного заказа в разделе В работе\")\n    def test_created_order_in_work(self, driver, registration):\n        login_page = LoginPage(driver)\n        login_page.navigate(Urls.LOGIN_PAGE)\n        login_page.fill_in_email(registration['email'])\n        login_page.fill_in_password(registration['password'])\n        login_page.click_login_button()\n        main_page = MainPage(driver)\n        main_page.wait_order_button_visible()\n        expected_url = Urls.MAIN_PAGE\n        assert driver.current_url == expected_url\n        main_page.ingredient_drag_and_drop()\n        main_page.click_order_button()\n        popup = OrderCreatedPage(driver)\n        popup.incorrect_number_invisible()\n        result = popup.get_just_created_orders_count()\n>       popup.close_order_created_popup()\n\ntests/test_order.py:133: \n_ _ _ _ _ _ _ _ _ _ _ _ _ _ _ _ _ _ _ _ _ _ _ _ _ _ _ _ _ _ _ _ _ _ _ _ _ _ _ _ _ _ _ _ _ _ _ _ _ _ _ _ _ _ _ _ _ _ _ _ _ _ _ _ _ _ _ _ _ _ _ _ _ _ _ _ _ _ _ _ _ _ _ _\npages/order_created_popup_page.py:13: in close_order_created_popup\n    self.click_element(OrderCreatedLocators.CLOSE_BUTTON)\npages/base_page.py:26: in click_element\n    self.find_element(locator).click()\n../../Documents/учеба автоматизация/Diplom_3/lib/python3.12/site-packages/selenium/webdriver/remote/webelement.py:94: in click\n    self._execute(Command.CLICK_ELEMENT)\n../../Documents/учеба автоматизация/Diplom_3/lib/python3.12/site-packages/selenium/webdriver/remote/webelement.py:395: in _execute\n    return self._parent.execute(command, params)\n../../Documents/учеба автоматизация/Diplom_3/lib/python3.12/site-packages/selenium/webdriver/remote/webdriver.py:380: in execute\n    self.error_handler.check_response(response)\n_ _ _ _ _ _ _ _ _ _ _ _ _ _ _ _ _ _ _ _ _ _ _ _ _ _ _ _ _ _ _ _ _ _ _ _ _ _ _ _ _ _ _ _ _ _ _ _ _ _ _ _ _ _ _ _ _ _ _ _ _ _ _ _ _ _ _ _ _ _ _ _ _ _ _ _ _ _ _ _ _ _ _ _\n\nself = <selenium.webdriver.remote.errorhandler.ErrorHandler object at 0x10362cbc0>\nresponse = {'status': 400, 'value': '{\"value\":{\"error\":\"element click intercepted\",\"message\":\"element click intercepted: Element ...00019176c2e4 _pthread_start + 136\\\\n20  libsystem_pthread.dylib             0x00000001917670fc thread_start + 8\\\\n\"}}'}\n\n    def check_response(self, response: Dict[str, Any]) -> None:\n        \"\"\"Checks that a JSON response from the WebDriver does not have an\n        error.\n    \n        :Args:\n         - response - The JSON response from the WebDriver server as a dictionary\n           object.\n    \n        :Raises: If the response contains an error message.\n        \"\"\"\n        status = response.get(\"status\", None)\n        if not status or status == ErrorCode.SUCCESS:\n            return\n        value = None\n        message = response.get(\"message\", \"\")\n        screen: str = response.get(\"screen\", \"\")\n        stacktrace = None\n        if isinstance(status, int):\n            value_json = response.get(\"value\", None)\n            if value_json and isinstance(value_json, str):\n                import json\n    \n                try:\n                    value = json.loads(value_json)\n                    if len(value) == 1:\n                        value = value[\"value\"]\n                    status = value.get(\"error\", None)\n                    if not status:\n                        status = value.get(\"status\", ErrorCode.UNKNOWN_ERROR)\n                        message = value.get(\"value\") or value.get(\"message\")\n                        if not isinstance(message, str):\n                            value = message\n                            message = message.get(\"message\")\n                    else:\n                        message = value.get(\"message\", None)\n                except ValueError:\n                    pass\n    \n        exception_class: Type[WebDriverException]\n        e = ErrorCode()\n        error_codes = [item for item in dir(e) if not item.startswith(\"__\")]\n        for error_code in error_codes:\n            error_info = getattr(ErrorCode, error_code)\n            if isinstance(error_info, list) and status in error_info:\n                exception_class = getattr(ExceptionMapping, error_code, WebDriverException)\n                break\n        else:\n            exception_class = WebDriverException\n    \n        if not value:\n            value = response[\"value\"]\n        if isinstance(value, str):\n            raise exception_class(value)\n        if message == \"\" and \"message\" in value:\n            message = value[\"message\"]\n    \n        screen = None  # type: ignore[assignment]\n        if \"screen\" in value:\n            screen = value[\"screen\"]\n    \n        stacktrace = None\n        st_value = value.get(\"stackTrace\") or value.get(\"stacktrace\")\n        if st_value:\n            if isinstance(st_value, str):\n                stacktrace = st_value.split(\"\\n\")\n            else:\n                stacktrace = []\n                try:\n                    for frame in st_value:\n                        line = frame.get(\"lineNumber\", \"\")\n                        file = frame.get(\"fileName\", \"<anonymous>\")\n                        if line:\n                            file = f\"{file}:{line}\"\n                        meth = frame.get(\"methodName\", \"<anonymous>\")\n                        if \"className\" in frame:\n                            meth = f\"{frame['className']}.{meth}\"\n                        msg = \"    at %s (%s)\"\n                        msg = msg % (meth, file)\n                        stacktrace.append(msg)\n                except TypeError:\n                    pass\n        if exception_class == UnexpectedAlertPresentException:\n            alert_text = None\n            if \"data\" in value:\n                alert_text = value[\"data\"].get(\"text\")\n            elif \"alert\" in value:\n                alert_text = value[\"alert\"].get(\"text\")\n            raise exception_class(message, screen, stacktrace, alert_text)  # type: ignore[call-arg]  # mypy is not smart enough here\n>       raise exception_class(message, screen, stacktrace)\nE       selenium.common.exceptions.ElementClickInterceptedException: Message: element click intercepted: Element <button type=\"button\" class=\"Modal_modal__close_modified__3V5XS Modal_modal__close__TnseK\">...</button> is not clickable at point (1206, 237). Other element would receive the click: <div class=\"Modal_modal_overlay__x2ZCr\"></div>\nE         (Session info: chrome=134.0.6998.89)\nE       Stacktrace:\nE       0   chromedriver                        0x0000000102869804 cxxbridge1$str$ptr + 2785964\nE       1   chromedriver                        0x0000000102861ddc cxxbridge1$str$ptr + 2754692\nE       2   chromedriver                        0x00000001023b5ea8 cxxbridge1$string$len + 92928\nE       3   chromedriver                        0x0000000102402c6c cxxbridge1$string$len + 407748\nE       4   chromedriver                        0x00000001024011d8 cxxbridge1$string$len + 400944\nE       5   chromedriver                        0x00000001023fefec cxxbridge1$string$len + 392260\nE       6   chromedriver                        0x00000001023fe3e8 cxxbridge1$string$len + 389184\nE       7   chromedriver                        0x00000001023f2dec cxxbridge1$string$len + 342596\nE       8   chromedriver                        0x00000001023f2878 cxxbridge1$string$len + 341200\nE       9   chromedriver                        0x000000010243e678 cxxbridge1$string$len + 651984\nE       10  chromedriver                        0x00000001023f135c cxxbridge1$string$len + 335796\nE       11  chromedriver                        0x000000010282ecd4 cxxbridge1$str$ptr + 2545532\nE       12  chromedriver                        0x0000000102831fa0 cxxbridge1$str$ptr + 2558536\nE       13  chromedriver                        0x000000010280ed04 cxxbridge1$str$ptr + 2414508\nE       14  chromedriver                        0x0000000102832800 cxxbridge1$str$ptr + 2560680\nE       15  chromedriver                        0x00000001027ffba0 cxxbridge1$str$ptr + 2352712\nE       16  chromedriver                        0x000000010285245c cxxbridge1$str$ptr + 2690820\nE       17  chromedriver                        0x00000001028525e4 cxxbridge1$str$ptr + 2691212\nE       18  chromedriver                        0x0000000102861a50 cxxbridge1$str$ptr + 2753784\nE       19  libsystem_pthread.dylib             0x000000019176c2e4 _pthread_start + 136\nE       20  libsystem_pthread.dylib             0x00000001917670fc thread_start + 8\n\n../../Documents/учеба автоматизация/Diplom_3/lib/python3.12/site-packages/selenium/webdriver/remote/errorhandler.py:229: ElementClickInterceptedException"}, "steps": [{"name": "Инициализируем браузер", "status": "passed", "parameters": [{"name": "driver", "value": "<selenium.webdriver.chrome.webdriver.WebDriver (session=\"1596a326b27a00e18ceae89aa21fdfee\")>"}], "start": 1741812266155, "stop": 1741812266155}, {"name": "Открываем нужный URL", "status": "passed", "parameters": [{"name": "url", "value": "'https://stellarburgers.nomoreparties.site/login'"}], "start": 1741812266156, "stop": 1741812267401}, {"name": "Заполняем поле Email", "status": "passed", "steps": [{"name": "Ждём, пока элемент станет кликабельным", "status": "passed", "parameters": [{"name": "locator", "value": "('xpath', \"(//div[contains(.,'Email')])[5]\")"}, {"name": "timeout", "value": "60"}], "start": 1741812267401, "stop": 1741812267420}, {"name": "Клик по нужному элементу", "status": "passed", "steps": [{"name": "Ищем нужный элемент", "status": "passed", "parameters": [{"name": "locator", "value": "('xpath', \"(//div[contains(.,'Email')])[5]\")"}, {"name": "timeout", "value": "60"}], "start": 1741812267420, "stop": 1741812267424}], "parameters": [{"name": "locator", "value": "('xpath', \"(//div[contains(.,'Email')])[5]\")"}], "start": 1741812267420, "stop": 1741812267457}, {"name": "Заполняем поля", "status": "passed", "steps": [{"name": "Ищем нужный элемент", "status": "passed", "parameters": [{"name": "locator", "value": "('xpath', \"(//input[@class='text input__textfield text_type_main-default'])[1]\")"}, {"name": "timeout", "value": "60"}], "start": 1741812267457, "stop": 1741812267464}], "parameters": [{"name": "locator", "value": "('xpath', \"(//input[@class='text input__textfield text_type_main-default'])[1]\")"}, {"name": "text", "value": "'44373@gmail.com'"}], "start": 1741812267457, "stop": 1741812267552}], "parameters": [{"name": "text", "value": "'44373@gmail.com'"}], "start": 1741812267401, "stop": 1741812267552}, {"name": "Заполняем поле 'Пароль'", "status": "passed", "steps": [{"name": "Ждём, пока элемент станет кликабельным", "status": "passed", "parameters": [{"name": "locator", "value": "('xpath', \"//label[contains(.,'Пароль')]\")"}, {"name": "timeout", "value": "60"}], "start": 1741812267552, "stop": 1741812267575}, {"name": "Клик по нужному элементу", "status": "passed", "steps": [{"name": "Ищем нужный элемент", "status": "passed", "parameters": [{"name": "locator", "value": "('xpath', \"//label[contains(.,'Пароль')]\")"}, {"name": "timeout", "value": "60"}], "start": 1741812267575, "stop": 1741812267580}], "parameters": [{"name": "locator", "value": "('xpath', \"//label[contains(.,'Пароль')]\")"}], "start": 1741812267575, "stop": 1741812267620}, {"name": "Заполняем поля", "status": "passed", "steps": [{"name": "Ищем нужный элемент", "status": "passed", "parameters": [{"name": "locator", "value": "('xpath', \"//input[contains(@name,'Пароль')]\")"}, {"name": "timeout", "value": "60"}], "start": 1741812267620, "stop": 1741812267626}], "parameters": [{"name": "locator", "value": "('xpath', \"//input[contains(@name,'Пароль')]\")"}, {"name": "text", "value": "'9036167'"}], "start": 1741812267620, "stop": 1741812267644}], "parameters": [{"name": "text", "value": "'9036167'"}], "start": 1741812267552, "stop": 1741812267644}, {"name": "Нажимаем на кнопку 'Войти'", "status": "passed", "steps": [{"name": "Клик по нужному элементу", "status": "passed", "steps": [{"name": "Ищем нужный элемент", "status": "passed", "parameters": [{"name": "locator", "value": "('xpath', \"//button[contains(.,'Войти')]\")"}, {"name": "timeout", "value": "60"}], "start": 1741812267644, "stop": 1741812267652}], "parameters": [{"name": "locator", "value": "('xpath', \"//button[contains(.,'Войти')]\")"}], "start": 1741812267644, "stop": 1741812267690}], "start": 1741812267644, "stop": 1741812267690}, {"name": "Инициализируем браузер", "status": "passed", "parameters": [{"name": "driver", "value": "<selenium.webdriver.chrome.webdriver.WebDriver (session=\"1596a326b27a00e18ceae89aa21fdfee\")>"}], "start": 1741812267690, "stop": 1741812267690}, {"name": "Ожидаем видимости кнопки 'Оформить заказ'", "status": "passed", "steps": [{"name": "Ждём, пока элемент станет видимым", "status": "passed", "parameters": [{"name": "locator", "value": "('xpath', \"//button[contains(.,'Оформить заказ')]\")"}, {"name": "timeout", "value": "60"}], "start": 1741812267690, "stop": 1741812268213}], "start": 1741812267690, "stop": 1741812268213}, {"name": "Перетаскиваем ингредиент в список ингредиентов", "status": "passed", "steps": [{"name": "Ждём, пока элемент станет кликабельным", "status": "passed", "parameters": [{"name": "locator", "value": "('xpath', \"//a[1]/p[text()='Флюоресцентная булка R2-D3']\")"}, {"name": "timeout", "value": "60"}], "start": 1741812268217, "stop": 1741812268231}, {"name": "Ждём, пока элемент станет видимым", "status": "passed", "parameters": [{"name": "locator", "value": "('xpath', \"//div[@class='constructor-element constructor-element_pos_top']\")"}, {"name": "timeout", "value": "60"}], "start": 1741812268235, "stop": 1741812268245}, {"name": "Перетаскиваем элемент", "status": "passed", "parameters": [{"name": "source_element", "value": "<selenium.webdriver.remote.webelement.WebElement (session=\"1596a326b27a00e18ceae89aa21fdfee\", element=\"f.16E70155398F0A0C027F30258FBD574B.d.54545B0516733AA45FF60B18025D1ABF.e.51\")>"}, {"name": "target_element", "value": "<selenium.webdriver.remote.webelement.WebElement (session=\"1596a326b27a00e18ceae89aa21fdfee\", element=\"f.16E70155398F0A0C027F30258FBD574B.d.54545B0516733AA45FF60B18025D1ABF.e.64\")>"}], "start": 1741812268250, "stop": 1741812268794}], "start": 1741812268217, "stop": 1741812268794}, {"name": "Нажимаем на кнопку 'Оформить заказ'", "status": "passed", "steps": [{"name": "Клик по нужному элементу", "status": "passed", "steps": [{"name": "Ищем нужный элемент", "status": "passed", "parameters": [{"name": "locator", "value": "('xpath', \"//button[contains(.,'Оформить заказ')]\")"}, {"name": "timeout", "value": "60"}], "start": 1741812268794, "stop": 1741812268799}], "parameters": [{"name": "locator", "value": "('xpath', \"//button[contains(.,'Оформить заказ')]\")"}], "start": 1741812268794, "stop": 1741812268831}], "start": 1741812268794, "stop": 1741812268831}, {"name": "Инициализируем браузер", "status": "passed", "parameters": [{"name": "driver", "value": "<selenium.webdriver.chrome.webdriver.WebDriver (session=\"1596a326b27a00e18ceae89aa21fdfee\")>"}], "start": 1741812268831, "stop": 1741812268831}, {"name": "Убеждаемся, что отображается правильный номер заказа, а не 9999", "status": "passed", "steps": [{"name": "Ждём, пока элемент перестанет быть видимым", "status": "passed", "parameters": [{"name": "locator", "value": "('xpath', \"//h2[contains(.,'9999')]\")"}, {"name": "timeout", "value": "60"}], "start": 1741812268831, "stop": 1741812268842}], "start": 1741812268831, "stop": 1741812268842}, {"name": "Получаем номер созданного заказа", "status": "passed", "steps": [{"name": "Ждём, пока элемент станет видимым", "status": "passed", "parameters": [{"name": "locator", "value": "('xpath', \"//h2[contains(@class,'digits-large mb-8')]\")"}, {"name": "timeout", "value": "60"}], "start": 1741812268842, "stop": 1741812268852}], "start": 1741812268842, "stop": 1741812268868}, {"name": "Закрываем попап с информацией о создании заказа", "status": "broken", "statusDetails": {"message": "selenium.common.exceptions.ElementClickInterceptedException: Message: element click intercepted: Element <button type=\"button\" class=\"Modal_modal__close_modified__3V5XS Modal_modal__close__TnseK\">...</button> is not clickable at point (1206, 237). Other element would receive the click: <div class=\"Modal_modal_overlay__x2ZCr\"></div>\n  (Session info: chrome=134.0.6998.89)\nStacktrace:\n0   chromedriver                        0x0000000102869804 cxxbridge1$str$ptr + 2785964\n1   chromedriver                        0x0000000102861ddc cxxbridge1$str$ptr + 2754692\n2   chromedriver                        0x00000001023b5ea8 cxxbridge1$string$len + 92928\n3   chromedriver                        0x0000000102402c6c cxxbridge1$string$len + 407748\n4   chromedriver                        0x00000001024011d8 cxxbridge1$string$len + 400944\n5   chromedriver                        0x00000001023fefec cxxbridge1$string$len + 392260\n6   chromedriver                        0x00000001023fe3e8 cxxbridge1$string$len + 389184\n7   chromedriver                        0x00000001023f2dec cxxbridge1$string$len + 342596\n8   chromedriver                        0x00000001023f2878 cxxbridge1$string$len + 341200\n9   chromedriver                        0x000000010243e678 cxxbridge1$string$len + 651984\n10  chromedriver                        0x00000001023f135c cxxbridge1$string$len + 335796\n11  chromedriver                        0x000000010282ecd4 cxxbridge1$str$ptr + 2545532\n12  chromedriver                        0x0000000102831fa0 cxxbridge1$str$ptr + 2558536\n13  chromedriver                        0x000000010280ed04 cxxbridge1$str$ptr + 2414508\n14  chromedriver                        0x0000000102832800 cxxbridge1$str$ptr + 2560680\n15  chromedriver                        0x00000001027ffba0 cxxbridge1$str$ptr + 2352712\n16  chromedriver                        0x000000010285245c cxxbridge1$str$ptr + 2690820\n17  chromedriver                        0x00000001028525e4 cxxbridge1$str$ptr + 2691212\n18  chromedriver                        0x0000000102861a50 cxxbridge1$str$ptr + 2753784\n19  libsystem_pthread.dylib             0x000000019176c2e4 _pthread_start + 136\n20  libsystem_pthread.dylib             0x00000001917670fc thread_start + 8\n\n", "trace": "  File \"/Users/irakey/Documents/учеба автоматизация/Diplom_3/lib/python3.12/site-packages/allure_commons/_allure.py\", line 192, in impl\n    return func(*a, **kw)\n           ^^^^^^^^^^^^^^\n  File \"/Users/irakey/PycharmProjects/Diplom_3/pages/order_created_popup_page.py\", line 13, in close_order_created_popup\n    self.click_element(OrderCreatedLocators.CLOSE_BUTTON)\n  File \"/Users/irakey/Documents/учеба автоматизация/Diplom_3/lib/python3.12/site-packages/allure_commons/_allure.py\", line 192, in impl\n    return func(*a, **kw)\n           ^^^^^^^^^^^^^^\n  File \"/Users/irakey/PycharmProjects/Diplom_3/pages/base_page.py\", line 26, in click_element\n    self.find_element(locator).click()\n  File \"/Users/irakey/Documents/учеба автоматизация/Diplom_3/lib/python3.12/site-packages/selenium/webdriver/remote/webelement.py\", line 94, in click\n    self._execute(Command.CLICK_ELEMENT)\n  File \"/Users/irakey/Documents/учеба автоматизация/Diplom_3/lib/python3.12/site-packages/selenium/webdriver/remote/webelement.py\", line 395, in _execute\n    return self._parent.execute(command, params)\n           ^^^^^^^^^^^^^^^^^^^^^^^^^^^^^^^^^^^^^\n  File \"/Users/irakey/Documents/учеба автоматизация/Diplom_3/lib/python3.12/site-packages/selenium/webdriver/remote/webdriver.py\", line 380, in execute\n    self.error_handler.check_response(response)\n  File \"/Users/irakey/Documents/учеба автоматизация/Diplom_3/lib/python3.12/site-packages/selenium/webdriver/remote/errorhandler.py\", line 229, in check_response\n    raise exception_class(message, screen, stacktrace)\n"}, "steps": [{"name": "Клик по нужному элементу", "status": "broken", "statusDetails": {"message": "selenium.common.exceptions.ElementClickInterceptedException: Message: element click intercepted: Element <button type=\"button\" class=\"Modal_modal__close_modified__3V5XS Modal_modal__close__TnseK\">...</button> is not clickable at point (1206, 237). Other element would receive the click: <div class=\"Modal_modal_overlay__x2ZCr\"></div>\n  (Session info: chrome=134.0.6998.89)\nStacktrace:\n0   chromedriver                        0x0000000102869804 cxxbridge1$str$ptr + 2785964\n1   chromedriver                        0x0000000102861ddc cxxbridge1$str$ptr + 2754692\n2   chromedriver                        0x00000001023b5ea8 cxxbridge1$string$len + 92928\n3   chromedriver                        0x0000000102402c6c cxxbridge1$string$len + 407748\n4   chromedriver                        0x00000001024011d8 cxxbridge1$string$len + 400944\n5   chromedriver                        0x00000001023fefec cxxbridge1$string$len + 392260\n6   chromedriver                        0x00000001023fe3e8 cxxbridge1$string$len + 389184\n7   chromedriver                        0x00000001023f2dec cxxbridge1$string$len + 342596\n8   chromedriver                        0x00000001023f2878 cxxbridge1$string$len + 341200\n9   chromedriver                        0x000000010243e678 cxxbridge1$string$len + 651984\n10  chromedriver                        0x00000001023f135c cxxbridge1$string$len + 335796\n11  chromedriver                        0x000000010282ecd4 cxxbridge1$str$ptr + 2545532\n12  chromedriver                        0x0000000102831fa0 cxxbridge1$str$ptr + 2558536\n13  chromedriver                        0x000000010280ed04 cxxbridge1$str$ptr + 2414508\n14  chromedriver                        0x0000000102832800 cxxbridge1$str$ptr + 2560680\n15  chromedriver                        0x00000001027ffba0 cxxbridge1$str$ptr + 2352712\n16  chromedriver                        0x000000010285245c cxxbridge1$str$ptr + 2690820\n17  chromedriver                        0x00000001028525e4 cxxbridge1$str$ptr + 2691212\n18  chromedriver                        0x0000000102861a50 cxxbridge1$str$ptr + 2753784\n19  libsystem_pthread.dylib             0x000000019176c2e4 _pthread_start + 136\n20  libsystem_pthread.dylib             0x00000001917670fc thread_start + 8\n\n", "trace": "  File \"/Users/irakey/Documents/учеба автоматизация/Diplom_3/lib/python3.12/site-packages/allure_commons/_allure.py\", line 192, in impl\n    return func(*a, **kw)\n           ^^^^^^^^^^^^^^\n  File \"/Users/irakey/PycharmProjects/Diplom_3/pages/base_page.py\", line 26, in click_element\n    self.find_element(locator).click()\n  File \"/Users/irakey/Documents/учеба автоматизация/Diplom_3/lib/python3.12/site-packages/selenium/webdriver/remote/webelement.py\", line 94, in click\n    self._execute(Command.CLICK_ELEMENT)\n  File \"/Users/irakey/Documents/учеба автоматизация/Diplom_3/lib/python3.12/site-packages/selenium/webdriver/remote/webelement.py\", line 395, in _execute\n    return self._parent.execute(command, params)\n           ^^^^^^^^^^^^^^^^^^^^^^^^^^^^^^^^^^^^^\n  File \"/Users/irakey/Documents/учеба автоматизация/Diplom_3/lib/python3.12/site-packages/selenium/webdriver/remote/webdriver.py\", line 380, in execute\n    self.error_handler.check_response(response)\n  File \"/Users/irakey/Documents/учеба автоматизация/Diplom_3/lib/python3.12/site-packages/selenium/webdriver/remote/errorhandler.py\", line 229, in check_response\n    raise exception_class(message, screen, stacktrace)\n"}, "steps": [{"name": "Ищем нужный элемент", "status": "passed", "parameters": [{"name": "locator", "value": "('xpath', \"//button[contains(@type,'button')]\")"}, {"name": "timeout", "value": "60"}], "start": 1741812268868, "stop": 1741812268875}], "parameters": [{"name": "locator", "value": "('xpath', \"//button[contains(@type,'button')]\")"}], "start": 1741812268868, "stop": 1741812269936}], "start": 1741812268868, "stop": 1741812269937}], "parameters": [{"name": "driver", "value": "'chrome'"}], "start": 1741812266154, "stop": 1741812269938, "uuid": "25c629b2-bedd-4332-9df8-622308fc5024", "historyId": "7b6ef7cd053234574153cc94d37e0b82", "testCaseId": "6d5008da294bea8b29f01c75fc8cf00d", "fullName": "tests.test_order.TestOrderFeed#test_created_order_in_work", "labels": [{"name": "parentSuite", "value": "tests"}, {"name": "suite", "value": "test_order"}, {"name": "subSuite", "value": "TestOrderFeed"}, {"name": "host", "value": "Iras-MacBook-Pro.local"}, {"name": "thread", "value": "59871-MainThread"}, {"name": "framework", "value": "pytest"}, {"name": "language", "value": "cpython3"}, {"name": "package", "value": "tests.test_order"}]}