{"name": "Проверка добавления ингредиента в заказ и изменение каунтера", "status": "broken", "statusDetails": {"message": "selenium.common.exceptions.TimeoutException: Message: \nStacktrace:\nRemoteError@chrome://remote/content/shared/RemoteError.sys.mjs:8:8\nWebDriverError@chrome://remote/content/shared/webdriver/Errors.sys.mjs:193:5\nNoSuchElementError@chrome://remote/content/shared/webdriver/Errors.sys.mjs:511:5\ndom.find/</<@chrome://remote/content/shared/DOM.sys.mjs:136:16", "trace": "self = <tests.test_main_func.TestMainFunctions object at 0x1035542f0>\ndriver = <selenium.webdriver.firefox.webdriver.WebDriver (session=\"01c402c0-8741-4996-b564-095cf30a6bdc\")>\n\n    @allure.title(\"Проверка добавления ингредиента в заказ и изменение каунтера\")\n    def test_add_ingredient(self, driver):\n        main = MainPage(driver)\n        main.navigate(Urls.MAIN_PAGE)\n        main.ingredient_drag_and_drop()\n>       main.wait_for_counter_visible()\n\ntests/test_main_func.py:49: \n_ _ _ _ _ _ _ _ _ _ _ _ _ _ _ _ _ _ _ _ _ _ _ _ _ _ _ _ _ _ _ _ _ _ _ _ _ _ _ _ _ _ _ _ _ _ _ _ _ _ _ _ _ _ _ _ _ _ _ _ _ _ _ _ _ _ _ _ _ _ _ _ _ _ _ _ _ _ _ _ _ _ _ _\npages/main_page.py:50: in wait_for_counter_visible\n    self.wait_for_element_visible(MainPageLocators.FLUO_BUN_COUNTER)\npages/base_page.py:34: in wait_for_element_visible\n    return WebDriverWait(self.driver, timeout).until(EC.visibility_of_element_located(locator))\n_ _ _ _ _ _ _ _ _ _ _ _ _ _ _ _ _ _ _ _ _ _ _ _ _ _ _ _ _ _ _ _ _ _ _ _ _ _ _ _ _ _ _ _ _ _ _ _ _ _ _ _ _ _ _ _ _ _ _ _ _ _ _ _ _ _ _ _ _ _ _ _ _ _ _ _ _ _ _ _ _ _ _ _\n\nself = <selenium.webdriver.support.wait.WebDriverWait (session=\"01c402c0-8741-4996-b564-095cf30a6bdc\")>\nmethod = <function visibility_of_element_located.<locals>._predicate at 0x10367a0c0>, message = ''\n\n    def until(self, method: Callable[[D], Union[Literal[False], T]], message: str = \"\") -> T:\n        \"\"\"Calls the method provided with the driver as an argument until the \\\n        return value does not evaluate to ``False``.\n    \n        :param method: callable(WebDriver)\n        :param message: optional message for :exc:`TimeoutException`\n        :returns: the result of the last call to `method`\n        :raises: :exc:`selenium.common.exceptions.TimeoutException` if timeout occurs\n        \"\"\"\n        screen = None\n        stacktrace = None\n    \n        end_time = time.monotonic() + self._timeout\n        while True:\n            try:\n                value = method(self._driver)\n                if value:\n                    return value\n            except self._ignored_exceptions as exc:\n                screen = getattr(exc, \"screen\", None)\n                stacktrace = getattr(exc, \"stacktrace\", None)\n            if time.monotonic() > end_time:\n                break\n            time.sleep(self._poll)\n>       raise TimeoutException(message, screen, stacktrace)\nE       selenium.common.exceptions.TimeoutException: Message: \nE       Stacktrace:\nE       RemoteError@chrome://remote/content/shared/RemoteError.sys.mjs:8:8\nE       WebDriverError@chrome://remote/content/shared/webdriver/Errors.sys.mjs:193:5\nE       NoSuchElementError@chrome://remote/content/shared/webdriver/Errors.sys.mjs:511:5\nE       dom.find/</<@chrome://remote/content/shared/DOM.sys.mjs:136:16\n\n../../Documents/учеба автоматизация/Diplom_3/lib/python3.12/site-packages/selenium/webdriver/support/wait.py:105: TimeoutException"}, "steps": [{"name": "Инициализируем браузер", "status": "passed", "parameters": [{"name": "driver", "value": "<selenium.webdriver.firefox.webdriver.WebDriver (session=\"01c402c0-8741-4996-b564-095cf30a6bdc\")>"}], "start": 1741812144326, "stop": 1741812144326}, {"name": "Открываем нужный URL", "status": "passed", "parameters": [{"name": "url", "value": "'https://stellarburgers.nomoreparties.site/'"}], "start": 1741812144326, "stop": 1741812145730}, {"name": "Перетаскиваем ингредиент в список ингредиентов", "status": "passed", "steps": [{"name": "Ждём, пока элемент станет кликабельным", "status": "passed", "parameters": [{"name": "locator", "value": "('xpath', \"//a[1]/p[text()='Флюоресцентная булка R2-D3']\")"}, {"name": "timeout", "value": "60"}], "start": 1741812145731, "stop": 1741812145752}, {"name": "Ждём, пока элемент станет видимым", "status": "passed", "parameters": [{"name": "locator", "value": "('xpath', \"//div[@class='constructor-element constructor-element_pos_top']\")"}, {"name": "timeout", "value": "60"}], "start": 1741812145754, "stop": 1741812145761}, {"name": "Перетаскиваем элемент", "status": "passed", "parameters": [{"name": "source_element", "value": "<selenium.webdriver.remote.webelement.WebElement (session=\"01c402c0-8741-4996-b564-095cf30a6bdc\", element=\"62f5fcde-fc3c-4307-897c-6c036a012055\")>"}, {"name": "target_element", "value": "<selenium.webdriver.remote.webelement.WebElement (session=\"01c402c0-8741-4996-b564-095cf30a6bdc\", element=\"ce870fff-bb2e-4f70-a5fe-fa6b931a2fd4\")>"}], "start": 1741812145764, "stop": 1741812146289}], "start": 1741812145731, "stop": 1741812146289}, {"name": "Ожидаем видимости каунтера", "status": "broken", "statusDetails": {"message": "selenium.common.exceptions.TimeoutException: Message: \nStacktrace:\nRemoteError@chrome://remote/content/shared/RemoteError.sys.mjs:8:8\nWebDriverError@chrome://remote/content/shared/webdriver/Errors.sys.mjs:193:5\nNoSuchElementError@chrome://remote/content/shared/webdriver/Errors.sys.mjs:511:5\ndom.find/</<@chrome://remote/content/shared/DOM.sys.mjs:136:16\n\n", "trace": "  File \"/Users/irakey/Documents/учеба автоматизация/Diplom_3/lib/python3.12/site-packages/allure_commons/_allure.py\", line 192, in impl\n    return func(*a, **kw)\n           ^^^^^^^^^^^^^^\n  File \"/Users/irakey/PycharmProjects/Diplom_3/pages/main_page.py\", line 50, in wait_for_counter_visible\n    self.wait_for_element_visible(MainPageLocators.FLUO_BUN_COUNTER)\n  File \"/Users/irakey/Documents/учеба автоматизация/Diplom_3/lib/python3.12/site-packages/allure_commons/_allure.py\", line 192, in impl\n    return func(*a, **kw)\n           ^^^^^^^^^^^^^^\n  File \"/Users/irakey/PycharmProjects/Diplom_3/pages/base_page.py\", line 34, in wait_for_element_visible\n    return WebDriverWait(self.driver, timeout).until(EC.visibility_of_element_located(locator))\n           ^^^^^^^^^^^^^^^^^^^^^^^^^^^^^^^^^^^^^^^^^^^^^^^^^^^^^^^^^^^^^^^^^^^^^^^^^^^^^^^^^^^^\n  File \"/Users/irakey/Documents/учеба автоматизация/Diplom_3/lib/python3.12/site-packages/selenium/webdriver/support/wait.py\", line 105, in until\n    raise TimeoutException(message, screen, stacktrace)\n"}, "steps": [{"name": "Ждём, пока элемент станет видимым", "status": "broken", "statusDetails": {"message": "selenium.common.exceptions.TimeoutException: Message: \nStacktrace:\nRemoteError@chrome://remote/content/shared/RemoteError.sys.mjs:8:8\nWebDriverError@chrome://remote/content/shared/webdriver/Errors.sys.mjs:193:5\nNoSuchElementError@chrome://remote/content/shared/webdriver/Errors.sys.mjs:511:5\ndom.find/</<@chrome://remote/content/shared/DOM.sys.mjs:136:16\n\n", "trace": "  File \"/Users/irakey/Documents/учеба автоматизация/Diplom_3/lib/python3.12/site-packages/allure_commons/_allure.py\", line 192, in impl\n    return func(*a, **kw)\n           ^^^^^^^^^^^^^^\n  File \"/Users/irakey/PycharmProjects/Diplom_3/pages/base_page.py\", line 34, in wait_for_element_visible\n    return WebDriverWait(self.driver, timeout).until(EC.visibility_of_element_located(locator))\n           ^^^^^^^^^^^^^^^^^^^^^^^^^^^^^^^^^^^^^^^^^^^^^^^^^^^^^^^^^^^^^^^^^^^^^^^^^^^^^^^^^^^^\n  File \"/Users/irakey/Documents/учеба автоматизация/Diplom_3/lib/python3.12/site-packages/selenium/webdriver/support/wait.py\", line 105, in until\n    raise TimeoutException(message, screen, stacktrace)\n"}, "parameters": [{"name": "locator", "value": "('xpath', \"//div[1]/p[@class='counter_counter__num__3nue1' and text()='2']\")"}, {"name": "timeout", "value": "60"}], "start": 1741812146289, "stop": 1741812206673}], "start": 1741812146289, "stop": 1741812206675}], "parameters": [{"name": "driver", "value": "'firefox'"}], "start": 1741812144326, "stop": 1741812206677, "uuid": "9dccb9a0-5ed1-4d85-8094-7cd042bed4a2", "historyId": "1a21114c2e042748b818502b4f29624b", "testCaseId": "ed9169d622fae98694cb7e4f94ccc89f", "fullName": "tests.test_main_func.TestMainFunctions#test_add_ingredient", "labels": [{"name": "parentSuite", "value": "tests"}, {"name": "suite", "value": "test_main_func"}, {"name": "subSuite", "value": "TestMainFunctions"}, {"name": "host", "value": "Iras-MacBook-Pro.local"}, {"name": "thread", "value": "59871-MainThread"}, {"name": "framework", "value": "pytest"}, {"name": "language", "value": "cpython3"}, {"name": "package", "value": "tests.test_main_func"}]}